<?xml version="1.0" encoding="UTF-8"?>
<coverage generated="1738222820144" clover="3.2.0">
  <project timestamp="1738222820144" name="All files">
    <metrics statements="4" coveredstatements="4" conditionals="0" coveredconditionals="0" methods="1" coveredmethods="1" elements="5" coveredelements="5" complexity="0" loc="4" ncloc="4" packages="1" files="1" classes="1"/>
    <file name="InputField.tsx" path="C:\Users\Rayaan Somaiah\Desktop\Gamified-dsa\src\components\auth\InputField.tsx">
      <metrics statements="4" coveredstatements="4" conditionals="0" coveredconditionals="0" methods="1" coveredmethods="1"/>
      <line num="1" count="1" type="stmt"/>
      <line num="12" count="1" type="stmt"/>
      <line num="20" count="2" type="stmt"/>
      <line num="38" count="1" type="stmt"/>
    </file>
  </project>
</coverage>
