<?xml version="1.0" encoding="UTF-8"?>
<coverage generated="1758465417801" clover="3.2.0">
  <project timestamp="1758465417801" name="All files">
    <metrics statements="19" coveredstatements="19" conditionals="1" coveredconditionals="1" methods="6" coveredmethods="6" elements="26" coveredelements="26" complexity="0" loc="19" ncloc="19" packages="2" files="2" classes="2"/>
    <package name="auth">
      <metrics statements="4" coveredstatements="4" conditionals="0" coveredconditionals="0" methods="1" coveredmethods="1"/>
      <file name="InputField.tsx" path="/home/runner/work/Gamified-dsa/Gamified-dsa/src/components/auth/InputField.tsx">
        <metrics statements="4" coveredstatements="4" conditionals="0" coveredconditionals="0" methods="1" coveredmethods="1"/>
        <line num="1" count="1" type="stmt"/>
        <line num="12" count="1" type="stmt"/>
        <line num="20" count="2" type="stmt"/>
        <line num="38" count="1" type="stmt"/>
      </file>
    </package>
    <package name="quiz">
      <metrics statements="15" coveredstatements="15" conditionals="1" coveredconditionals="1" methods="5" coveredmethods="5"/>
      <file name="QuizTimer.tsx" path="/home/runner/work/Gamified-dsa/Gamified-dsa/src/components/quiz/QuizTimer.tsx">
        <metrics statements="15" coveredstatements="15" conditionals="1" coveredconditionals="1" methods="5" coveredmethods="5"/>
        <line num="1" count="1" type="stmt"/>
        <line num="2" count="1" type="stmt"/>
        <line num="9" count="1" type="stmt"/>
        <line num="10" count="3" type="stmt"/>
        <line num="12" count="3" type="stmt"/>
        <line num="13" count="3" type="cond" truecount="1" falsecount="0"/>
        <line num="14" count="1" type="stmt"/>
        <line num="15" count="1" type="stmt"/>
        <line num="18" count="2" type="stmt"/>
        <line num="19" count="5" type="stmt"/>
        <line num="22" count="2" type="stmt"/>
        <line num="25" count="3" type="stmt"/>
        <line num="26" count="3" type="stmt"/>
        <line num="28" count="3" type="stmt"/>
        <line num="38" count="1" type="stmt"/>
      </file>
    </package>
  </project>
</coverage>
