{"C:\\Users\\Rayaan Somaiah\\Desktop\\Gamified-dsa\\src\\components\\auth\\InputField.tsx": {"path":"C:\\Users\\Rayaan Somaiah\\Desktop\\Gamified-dsa\\src\\components\\auth\\InputField.tsx","statementMap":{"0":{"start":{"line":1,"column":0},"end":{"line":1,"column":26}},"1":{"start":{"line":12,"column":46},"end":{"line":36,"column":1}},"2":{"start":{"line":20,"column":2},"end":{"line":35,"column":4}},"3":{"start":{"line":38,"column":0},"end":{"line":38,"column":26}}},"fnMap":{"0":{"name":"(anonymous_1)","decl":{"start":{"line":12,"column":46},"end":{"line":12,"column":47}},"loc":{"start":{"line":19,"column":5},"end":{"line":36,"column":1}}}},"branchMap":{},"s":{"0":1,"1":1,"2":2,"3":1},"f":{"0":2},"b":{}}
}
