{"C:\\Users\\Rayaan Somaiah\\Desktop\\Gamified-dsa\\src\\components\\learning\\StackVisualizer.tsx": {"path":"C:\\Users\\Rayaan Somaiah\\Desktop\\Gamified-dsa\\src\\components\\learning\\StackVisualizer.tsx","statementMap":{"0":{"start":{"line":1,"column":0},"end":{"line":1,"column":40}},"1":{"start":{"line":2,"column":0},"end":{"line":2,"column":50}},"2":{"start":{"line":9,"column":56},"end":{"line":154,"column":1}},"3":{"start":{"line":10,"column":28},"end":{"line":10,"column":50}},"4":{"start":{"line":11,"column":38},"end":{"line":11,"column":50}},"5":{"start":{"line":12,"column":36},"end":{"line":12,"column":65}},"6":{"start":{"line":13,"column":28},"end":{"line":13,"column":57}},"7":{"start":{"line":15,"column":21},"end":{"line":31,"column":3}},"8":{"start":{"line":16,"column":18},"end":{"line":16,"column":38}},"9":{"start":{"line":17,"column":4},"end":{"line":30,"column":5}},"10":{"start":{"line":18,"column":6},"end":{"line":29,"column":7}},"11":{"start":{"line":19,"column":8},"end":{"line":19,"column":35}},"12":{"start":{"line":21,"column":8},"end":{"line":21,"column":36}},"13":{"start":{"line":22,"column":8},"end":{"line":26,"column":11}},"14":{"start":{"line":27,"column":8},"end":{"line":27,"column":26}},"15":{"start":{"line":28,"column":8},"end":{"line":28,"column":23}},"16":{"start":{"line":33,"column":20},"end":{"line":46,"column":3}},"17":{"start":{"line":34,"column":4},"end":{"line":45,"column":5}},"18":{"start":{"line":35,"column":6},"end":{"line":35,"column":34}},"19":{"start":{"line":37,"column":23},"end":{"line":37,"column":33}},"20":{"start":{"line":38,"column":6},"end":{"line":38,"column":21}},"21":{"start":{"line":39,"column":6},"end":{"line":39,"column":25}},"22":{"start":{"line":40,"column":6},"end":{"line":43,"column":9}},"23":{"start":{"line":44,"column":6},"end":{"line":44,"column":21}},"24":{"start":{"line":48,"column":32},"end":{"line":55,"column":3}},"25":{"start":{"line":49,"column":17},"end":{"line":49,"column":41}},"26":{"start":{"line":50,"column":4},"end":{"line":54,"column":5}},"27":{"start":{"line":51,"column":6},"end":{"line":51,"column":25}},"28":{"start":{"line":52,"column":6},"end":{"line":52,"column":19}},"29":{"start":{"line":53,"column":6},"end":{"line":53,"column":21}},"30":{"start":{"line":57,"column":26},"end":{"line":82,"column":2}},"31":{"start":{"line":84,"column":2},"end":{"line":153,"column":4}},"32":{"start":{"line":92,"column":27},"end":{"line":92,"column":56}},"33":{"start":{"line":133,"column":14},"end":{"line":137,"column":null}},"34":{"start":{"line":156,"column":0},"end":{"line":156,"column":31}}},"fnMap":{"0":{"name":"(anonymous_6)","decl":{"start":{"line":9,"column":56},"end":{"line":9,"column":57}},"loc":{"start":{"line":9,"column":76},"end":{"line":154,"column":1}}},"1":{"name":"(anonymous_7)","decl":{"start":{"line":15,"column":21},"end":{"line":15,"column":24}},"loc":{"start":{"line":15,"column":26},"end":{"line":31,"column":3}}},"2":{"name":"(anonymous_8)","decl":{"start":{"line":33,"column":20},"end":{"line":33,"column":23}},"loc":{"start":{"line":33,"column":25},"end":{"line":46,"column":3}}},"3":{"name":"(anonymous_9)","decl":{"start":{"line":48,"column":32},"end":{"line":48,"column":33}},"loc":{"start":{"line":48,"column":75},"end":{"line":55,"column":3}}},"4":{"name":"(anonymous_10)","decl":{"start":{"line":92,"column":20},"end":{"line":92,"column":21}},"loc":{"start":{"line":92,"column":27},"end":{"line":92,"column":56}}},"5":{"name":"(anonymous_11)","decl":{"start":{"line":132,"column":23},"end":{"line":132,"column":24}},"loc":{"start":{"line":133,"column":14},"end":{"line":137,"column":null}}}},"branchMap":{"0":{"loc":{"start":{"line":17,"column":4},"end":{"line":30,"column":5}},"type":"if","locations":[{"start":{"line":17,"column":4},"end":{"line":30,"column":5}}]},"1":{"loc":{"start":{"line":18,"column":6},"end":{"line":29,"column":7}},"type":"if","locations":[{"start":{"line":18,"column":6},"end":{"line":29,"column":7}},{"start":{"line":20,"column":13},"end":{"line":29,"column":7}}]},"2":{"loc":{"start":{"line":18,"column":10},"end":{"line":18,"column":57}},"type":"binary-expr","locations":[{"start":{"line":18,"column":10},"end":{"line":18,"column":28}},{"start":{"line":18,"column":32},"end":{"line":18,"column":57}}]},"3":{"loc":{"start":{"line":34,"column":4},"end":{"line":45,"column":5}},"type":"if","locations":[{"start":{"line":34,"column":4},"end":{"line":45,"column":5}},{"start":{"line":36,"column":11},"end":{"line":45,"column":5}}]},"4":{"loc":{"start":{"line":50,"column":4},"end":{"line":54,"column":5}},"type":"if","locations":[{"start":{"line":50,"column":4},"end":{"line":54,"column":5}}]},"5":{"loc":{"start":{"line":50,"column":8},"end":{"line":50,"column":32}},"type":"binary-expr","locations":[{"start":{"line":50,"column":8},"end":{"line":50,"column":20}},{"start":{"line":50,"column":24},"end":{"line":50,"column":32}}]},"6":{"loc":{"start":{"line":118,"column":17},"end":{"line":118,"column":52}},"type":"cond-expr","locations":[{"start":{"line":118,"column":38},"end":{"line":118,"column":47}},{"start":{"line":118,"column":50},"end":{"line":118,"column":52}}]},"7":{"loc":{"start":{"line":125,"column":7},"end":{"line":125,"column":55}},"type":"binary-expr","locations":[{"start":{"line":125,"column":7},"end":{"line":125,"column":12}},{"start":{"line":125,"column":16},"end":{"line":125,"column":55}}]},"8":{"loc":{"start":{"line":128,"column":9},"end":{"line":140,"column":null}},"type":"cond-expr","locations":[{"start":{"line":129,"column":10},"end":{"line":129,"column":69}},{"start":{"line":131,"column":10},"end":{"line":139,"column":null}}]}},"s":{"0":1,"1":1,"2":1,"3":18,"4":18,"5":18,"6":18,"7":18,"8":4,"9":4,"10":4,"11":1,"12":3,"13":3,"14":3,"15":3,"16":18,"17":2,"18":1,"19":1,"20":1,"21":1,"22":1,"23":1,"24":18,"25":2,"26":2,"27":2,"28":2,"29":2,"30":18,"31":18,"32":4,"33":5,"34":1},"f":{"0":18,"1":4,"2":2,"3":2,"4":4,"5":5},"b":{"0":[4],"1":[1,3],"2":[4,2],"3":[1,1],"4":[2],"5":[2,2],"6":[6,12],"7":[18,2],"8":[13,5]}}
}
