TN:
SF:src\components\learning\StackVisualizer.tsx
FN:9,(anonymous_6)
FN:15,(anonymous_7)
FN:33,(anonymous_8)
FN:48,(anonymous_9)
FN:92,(anonymous_10)
FN:132,(anonymous_11)
FNF:6
FNH:6
FNDA:18,(anonymous_6)
FNDA:4,(anonymous_7)
FNDA:2,(anonymous_8)
FNDA:2,(anonymous_9)
FNDA:4,(anonymous_10)
FNDA:5,(anonymous_11)
DA:1,1
DA:2,1
DA:9,1
DA:10,18
DA:11,18
DA:12,18
DA:13,18
DA:15,18
DA:16,4
DA:17,4
DA:18,4
DA:19,1
DA:21,3
DA:22,3
DA:27,3
DA:28,3
DA:33,18
DA:34,2
DA:35,1
DA:37,1
DA:38,1
DA:39,1
DA:40,1
DA:44,1
DA:48,18
DA:49,2
DA:50,2
DA:51,2
DA:52,2
DA:53,2
DA:57,18
DA:84,18
DA:92,4
DA:133,5
DA:156,1
LF:35
LH:35
BRDA:17,0,0,4
BRDA:18,1,0,1
BRDA:18,1,1,3
BRDA:18,2,0,4
BRDA:18,2,1,2
BRDA:34,3,0,1
BRDA:34,3,1,1
BRDA:50,4,0,2
BRDA:50,5,0,2
BRDA:50,5,1,2
BRDA:118,6,0,6
BRDA:118,6,1,12
BRDA:125,7,0,18
BRDA:125,7,1,2
BRDA:128,8,0,13
BRDA:128,8,1,5
BRF:16
BRH:16
end_of_record
